<?xml version="1.0" encoding="UTF-8"?>
<!-- Generated by org.testng.reporters.JUnitReportReporter -->
<testsuite hostname="DLE6410-PC" name="org.soumya.com.selenium.test.POITest" tests="3" failures="0" timestamp="30 Oct 2016 05:34:41 GMT" time="0.024" errors="0">
  <testcase name="testPOI" time="0.005" classname="org.soumya.com.selenium.test.POITest"/>
  <testcase name="testPOI" time="0.006" classname="org.soumya.com.selenium.test.POITest"/>
  <testcase name="testPOI" time="0.013" classname="org.soumya.com.selenium.test.POITest"/>
</testsuite> <!-- org.soumya.com.selenium.test.POITest -->
