<?xml version="1.0" encoding="UTF-8"?>
<!-- Generated by org.testng.reporters.JUnitReportReporter -->
<testsuite skipped="0" hostname="DLE6410-PC" name="org.soumya.com.selenium.test.SeleniumTest" tests="1" failures="0" timestamp="27 Oct 2016 05:50:40 GMT" time="5.126" errors="0">
  <testcase name="test" time="5.126" classname="org.soumya.com.selenium.test.SeleniumTest"/>
</testsuite> <!-- org.soumya.com.selenium.test.SeleniumTest -->
