<?xml version="1.0" encoding="UTF-8"?>
<!-- Generated by org.testng.reporters.JUnitReportReporter -->
<testsuite hostname="DLE6410-PC" name="org.soumya.com.selenium.test.ParameterizedTest" tests="1" failures="0" timestamp="27 Oct 2016 21:16:11 GMT" time="0.002" errors="0">
  <testcase name="parameterTest" time="0.002" classname="org.soumya.com.selenium.test.ParameterizedTest"/>
</testsuite> <!-- org.soumya.com.selenium.test.ParameterizedTest -->
