<?xml version="1.0" encoding="UTF-8"?>
<!-- Generated by org.testng.reporters.JUnitReportReporter -->
<testsuite hostname="DLE6410-PC" name="org.soumya.com.selenium.test.SeleniumTest" tests="1" failures="0" timestamp="27 Oct 2016 06:40:40 GMT" time="4.569" errors="0">
  <testcase name="test" time="4.569" classname="org.soumya.com.selenium.test.SeleniumTest"/>
</testsuite> <!-- org.soumya.com.selenium.test.SeleniumTest -->
