<?xml version="1.0" encoding="UTF-8"?>
<!-- Generated by org.testng.reporters.JUnitReportReporter -->
<testsuite hostname="DLE6410-PC" name="org.soumya.com.selenium.test.NewTest" tests="1" failures="0" timestamp="27 Oct 2016 06:40:40 GMT" time="6.193" errors="0">
  <testcase name="testEasy" time="6.193" classname="org.soumya.com.selenium.test.NewTest"/>
</testsuite> <!-- org.soumya.com.selenium.test.NewTest -->
